{"/Users/daniel/Desktop/HRLAX42/SojuStore/client/src/components/App.jsx": {"path":"/Users/daniel/Desktop/HRLAX42/SojuStore/client/src/components/App.jsx","statementMap":{"0":{"start":{"line":14,"column":4},"end":{"line":14,"column":17}},"1":{"start":{"line":15,"column":4},"end":{"line":15,"column":20}},"2":{"start":{"line":19,"column":4},"end":{"line":34,"column":6}}},"fnMap":{"0":{"name":"(anonymous_0)","decl":{"start":{"line":13,"column":2},"end":{"line":13,"column":3}},"loc":{"start":{"line":13,"column":21},"end":{"line":16,"column":3}},"line":13},"1":{"name":"(anonymous_1)","decl":{"start":{"line":18,"column":2},"end":{"line":18,"column":3}},"loc":{"start":{"line":18,"column":11},"end":{"line":35,"column":3}},"line":18}},"branchMap":{},"s":{"0":2,"1":2,"2":2},"f":{"0":2,"1":2},"b":{},"_coverageSchema":"1a1c01bbd47fc00a2c39e90264f33305004495a9","hash":"23286a9d1fbf7b731ded6a9a75893e02987173db"}
,"/Users/daniel/Desktop/HRLAX42/SojuStore/client/src/components/QnA.jsx": {"path":"/Users/daniel/Desktop/HRLAX42/SojuStore/client/src/components/QnA.jsx","statementMap":{"0":{"start":{"line":4,"column":12},"end":{"line":23,"column":1}},"1":{"start":{"line":5,"column":36},"end":{"line":5,"column":48}},"2":{"start":{"line":6,"column":32},"end":{"line":6,"column":44}},"3":{"start":{"line":8,"column":17},"end":{"line":14,"column":3}},"4":{"start":{"line":9,"column":4},"end":{"line":13,"column":9}},"5":{"start":{"line":10,"column":25},"end":{"line":10,"column":51}},"6":{"start":{"line":12,"column":8},"end":{"line":12,"column":36}},"7":{"start":{"line":12,"column":17},"end":{"line":12,"column":36}},"8":{"start":{"line":16,"column":2},"end":{"line":16,"column":29}},"9":{"start":{"line":18,"column":2},"end":{"line":22,"column":4}}},"fnMap":{"0":{"name":"(anonymous_0)","decl":{"start":{"line":4,"column":12},"end":{"line":4,"column":13}},"loc":{"start":{"line":4,"column":23},"end":{"line":23,"column":1}},"line":4},"1":{"name":"(anonymous_1)","decl":{"start":{"line":8,"column":17},"end":{"line":8,"column":18}},"loc":{"start":{"line":8,"column":23},"end":{"line":14,"column":3}},"line":8},"2":{"name":"(anonymous_2)","decl":{"start":{"line":10,"column":12},"end":{"line":10,"column":13}},"loc":{"start":{"line":10,"column":25},"end":{"line":10,"column":51}},"line":10},"3":{"name":"(anonymous_3)","decl":{"start":{"line":11,"column":13},"end":{"line":11,"column":14}},"loc":{"start":{"line":11,"column":22},"end":{"line":13,"column":7}},"line":11}},"branchMap":{"0":{"loc":{"start":{"line":12,"column":8},"end":{"line":12,"column":36}},"type":"if","locations":[{"start":{"line":12,"column":8},"end":{"line":12,"column":36}},{"start":{"line":12,"column":8},"end":{"line":12,"column":36}}],"line":12}},"s":{"0":1,"1":0,"2":0,"3":0,"4":0,"5":0,"6":0,"7":0,"8":0,"9":0},"f":{"0":0,"1":0,"2":0,"3":0},"b":{"0":[0,0]},"_coverageSchema":"1a1c01bbd47fc00a2c39e90264f33305004495a9","hash":"d63e156795e7ee0a5445e9387587872c71622f0e"}
,"/Users/daniel/Desktop/HRLAX42/SojuStore/client/src/components/RelatedItems.jsx": {"path":"/Users/daniel/Desktop/HRLAX42/SojuStore/client/src/components/RelatedItems.jsx","statementMap":{"0":{"start":{"line":5,"column":21},"end":{"line":52,"column":1}},"1":{"start":{"line":6,"column":32},"end":{"line":6,"column":44}},"2":{"start":{"line":7,"column":42},"end":{"line":7,"column":54}},"3":{"start":{"line":8,"column":40},"end":{"line":8,"column":52}},"4":{"start":{"line":11,"column":21},"end":{"line":15,"column":3}},"5":{"start":{"line":12,"column":4},"end":{"line":14,"column":39}},"6":{"start":{"line":13,"column":25},"end":{"line":13,"column":49}},"7":{"start":{"line":14,"column":22},"end":{"line":14,"column":38}},"8":{"start":{"line":17,"column":26},"end":{"line":23,"column":3}},"9":{"start":{"line":18,"column":4},"end":{"line":22,"column":8}},"10":{"start":{"line":20,"column":24},"end":{"line":20,"column":71}},"11":{"start":{"line":21,"column":8},"end":{"line":21,"column":34}},"12":{"start":{"line":25,"column":25},"end":{"line":30,"column":3}},"13":{"start":{"line":26,"column":4},"end":{"line":29,"column":8}},"14":{"start":{"line":28,"column":8},"end":{"line":28,"column":38}},"15":{"start":{"line":33,"column":2},"end":{"line":33,"column":31}},"16":{"start":{"line":34,"column":2},"end":{"line":34,"column":26}},"17":{"start":{"line":35,"column":2},"end":{"line":35,"column":30}},"18":{"start":{"line":38,"column":2},"end":{"line":51,"column":3}},"19":{"start":{"line":42,"column":10},"end":{"line":47,"column":11}}},"fnMap":{"0":{"name":"(anonymous_0)","decl":{"start":{"line":5,"column":21},"end":{"line":5,"column":22}},"loc":{"start":{"line":5,"column":32},"end":{"line":52,"column":1}},"line":5},"1":{"name":"(anonymous_1)","decl":{"start":{"line":11,"column":21},"end":{"line":11,"column":22}},"loc":{"start":{"line":11,"column":27},"end":{"line":15,"column":3}},"line":11},"2":{"name":"(anonymous_2)","decl":{"start":{"line":13,"column":12},"end":{"line":13,"column":13}},"loc":{"start":{"line":13,"column":25},"end":{"line":13,"column":49}},"line":13},"3":{"name":"(anonymous_3)","decl":{"start":{"line":14,"column":13},"end":{"line":14,"column":14}},"loc":{"start":{"line":14,"column":22},"end":{"line":14,"column":38}},"line":14},"4":{"name":"(anonymous_4)","decl":{"start":{"line":17,"column":26},"end":{"line":17,"column":27}},"loc":{"start":{"line":17,"column":32},"end":{"line":23,"column":3}},"line":17},"5":{"name":"(anonymous_5)","decl":{"start":{"line":19,"column":12},"end":{"line":19,"column":13}},"loc":{"start":{"line":19,"column":25},"end":{"line":22,"column":7}},"line":19},"6":{"name":"(anonymous_6)","decl":{"start":{"line":25,"column":25},"end":{"line":25,"column":26}},"loc":{"start":{"line":25,"column":31},"end":{"line":30,"column":3}},"line":25},"7":{"name":"(anonymous_7)","decl":{"start":{"line":27,"column":12},"end":{"line":27,"column":13}},"loc":{"start":{"line":27,"column":25},"end":{"line":29,"column":7}},"line":27},"8":{"name":"(anonymous_8)","decl":{"start":{"line":41,"column":21},"end":{"line":41,"column":22}},"loc":{"start":{"line":41,"column":36},"end":{"line":48,"column":9}},"line":41}},"branchMap":{},"s":{"0":1,"1":0,"2":0,"3":0,"4":0,"5":0,"6":0,"7":0,"8":0,"9":0,"10":0,"11":0,"12":0,"13":0,"14":0,"15":0,"16":0,"17":0,"18":0,"19":0},"f":{"0":0,"1":0,"2":0,"3":0,"4":0,"5":0,"6":0,"7":0,"8":0},"b":{},"_coverageSchema":"1a1c01bbd47fc00a2c39e90264f33305004495a9","hash":"b6f6b834a13ea9382afe88d3c9320169ef80603b"}
,"/Users/daniel/Desktop/HRLAX42/SojuStore/client/src/components/Overview/ProductInfo.jsx": {"path":"/Users/daniel/Desktop/HRLAX42/SojuStore/client/src/components/Overview/ProductInfo.jsx","statementMap":{"0":{"start":{"line":6,"column":4},"end":{"line":6,"column":17}},"1":{"start":{"line":7,"column":4},"end":{"line":10,"column":6}},"2":{"start":{"line":11,"column":4},"end":{"line":11,"column":57}},"3":{"start":{"line":15,"column":4},"end":{"line":15,"column":26}},"4":{"start":{"line":19,"column":4},"end":{"line":33,"column":47}},"5":{"start":{"line":21,"column":8},"end":{"line":23,"column":56}},"6":{"start":{"line":23,"column":19},"end":{"line":23,"column":53}},"7":{"start":{"line":26,"column":8},"end":{"line":31,"column":13}},"8":{"start":{"line":28,"column":12},"end":{"line":30,"column":56}},"9":{"start":{"line":30,"column":23},"end":{"line":30,"column":54}},"10":{"start":{"line":33,"column":24},"end":{"line":33,"column":43}},"11":{"start":{"line":37,"column":4},"end":{"line":48,"column":6}},"12":{"start":{"line":40,"column":10},"end":{"line":40,"column":38}},"13":{"start":{"line":43,"column":10},"end":{"line":45,"column":16}}},"fnMap":{"0":{"name":"(anonymous_0)","decl":{"start":{"line":5,"column":2},"end":{"line":5,"column":3}},"loc":{"start":{"line":5,"column":21},"end":{"line":12,"column":3}},"line":5},"1":{"name":"(anonymous_1)","decl":{"start":{"line":14,"column":2},"end":{"line":14,"column":3}},"loc":{"start":{"line":14,"column":22},"end":{"line":16,"column":3}},"line":14},"2":{"name":"(anonymous_2)","decl":{"start":{"line":18,"column":2},"end":{"line":18,"column":3}},"loc":{"start":{"line":18,"column":19},"end":{"line":34,"column":3}},"line":18},"3":{"name":"(anonymous_3)","decl":{"start":{"line":20,"column":12},"end":{"line":20,"column":13}},"loc":{"start":{"line":20,"column":25},"end":{"line":24,"column":7}},"line":20},"4":{"name":"(anonymous_4)","decl":{"start":{"line":23,"column":11},"end":{"line":23,"column":12}},"loc":{"start":{"line":23,"column":17},"end":{"line":23,"column":54}},"line":23},"5":{"name":"(anonymous_5)","decl":{"start":{"line":25,"column":12},"end":{"line":25,"column":13}},"loc":{"start":{"line":25,"column":18},"end":{"line":32,"column":7}},"line":25},"6":{"name":"(anonymous_6)","decl":{"start":{"line":27,"column":16},"end":{"line":27,"column":17}},"loc":{"start":{"line":27,"column":29},"end":{"line":31,"column":11}},"line":27},"7":{"name":"(anonymous_7)","decl":{"start":{"line":30,"column":15},"end":{"line":30,"column":16}},"loc":{"start":{"line":30,"column":21},"end":{"line":30,"column":55}},"line":30},"8":{"name":"(anonymous_8)","decl":{"start":{"line":33,"column":13},"end":{"line":33,"column":14}},"loc":{"start":{"line":33,"column":22},"end":{"line":33,"column":45}},"line":33},"9":{"name":"(anonymous_9)","decl":{"start":{"line":36,"column":2},"end":{"line":36,"column":3}},"loc":{"start":{"line":36,"column":11},"end":{"line":49,"column":3}},"line":36},"10":{"name":"(anonymous_10)","decl":{"start":{"line":39,"column":39},"end":{"line":39,"column":40}},"loc":{"start":{"line":40,"column":10},"end":{"line":40,"column":38}},"line":40},"11":{"name":"(anonymous_11)","decl":{"start":{"line":42,"column":28},"end":{"line":42,"column":29}},"loc":{"start":{"line":43,"column":10},"end":{"line":45,"column":16}},"line":43}},"branchMap":{},"s":{"0":0,"1":0,"2":0,"3":0,"4":0,"5":0,"6":0,"7":0,"8":0,"9":0,"10":0,"11":0,"12":0,"13":0},"f":{"0":0,"1":0,"2":0,"3":0,"4":0,"5":0,"6":0,"7":0,"8":0,"9":0,"10":0,"11":0},"b":{},"_coverageSchema":"1a1c01bbd47fc00a2c39e90264f33305004495a9","hash":"aabcfbcb34afc5ac2059ba2abb1f04e4ba94ae2b"}
,"/Users/daniel/Desktop/HRLAX42/SojuStore/client/src/components/RatingsReviews/ReviewTile.jsx": {"path":"/Users/daniel/Desktop/HRLAX42/SojuStore/client/src/components/RatingsReviews/ReviewTile.jsx","statementMap":{"0":{"start":{"line":6,"column":30},"end":{"line":6,"column":40}},"1":{"start":{"line":10,"column":19},"end":{"line":10,"column":24}},"2":{"start":{"line":11,"column":2},"end":{"line":17,"column":4}},"3":{"start":{"line":13,"column":6},"end":{"line":15,"column":36}},"4":{"start":{"line":14,"column":24},"end":{"line":14,"column":44}},"5":{"start":{"line":15,"column":24},"end":{"line":15,"column":34}},"6":{"start":{"line":19,"column":2},"end":{"line":21,"column":4}}},"fnMap":{"0":{"name":"ReviewTile","decl":{"start":{"line":5,"column":24},"end":{"line":5,"column":34}},"loc":{"start":{"line":5,"column":37},"end":{"line":22,"column":1}},"line":5},"1":{"name":"(anonymous_1)","decl":{"start":{"line":12,"column":4},"end":{"line":12,"column":5}},"loc":{"start":{"line":12,"column":10},"end":{"line":16,"column":5}},"line":12},"2":{"name":"(anonymous_2)","decl":{"start":{"line":14,"column":14},"end":{"line":14,"column":15}},"loc":{"start":{"line":14,"column":24},"end":{"line":14,"column":44}},"line":14},"3":{"name":"(anonymous_3)","decl":{"start":{"line":15,"column":15},"end":{"line":15,"column":16}},"loc":{"start":{"line":15,"column":24},"end":{"line":15,"column":34}},"line":15}},"branchMap":{},"s":{"0":0,"1":0,"2":0,"3":0,"4":0,"5":0,"6":0},"f":{"0":0,"1":0,"2":0,"3":0},"b":{},"_coverageSchema":"1a1c01bbd47fc00a2c39e90264f33305004495a9","hash":"9292fcdea89a8aa035fea5ae0b948cfcad47eb4b"}
,"/Users/daniel/Desktop/HRLAX42/SojuStore/client/src/components/RatingsReviews/SortSelect.jsx": {"path":"/Users/daniel/Desktop/HRLAX42/SojuStore/client/src/components/RatingsReviews/SortSelect.jsx","statementMap":{"0":{"start":{"line":7,"column":18},"end":{"line":7,"column":51}},"1":{"start":{"line":8,"column":26},"end":{"line":8,"column":46}},"2":{"start":{"line":9,"column":23},"end":{"line":9,"column":53}},"3":{"start":{"line":9,"column":30},"end":{"line":9,"column":53}},"4":{"start":{"line":11,"column":2},"end":{"line":21,"column":4}},"5":{"start":{"line":16,"column":12},"end":{"line":16,"column":65}}},"fnMap":{"0":{"name":"SortSelect","decl":{"start":{"line":4,"column":24},"end":{"line":4,"column":34}},"loc":{"start":{"line":4,"column":37},"end":{"line":23,"column":1}},"line":4},"1":{"name":"(anonymous_1)","decl":{"start":{"line":9,"column":23},"end":{"line":9,"column":24}},"loc":{"start":{"line":9,"column":30},"end":{"line":9,"column":53}},"line":9},"2":{"name":"(anonymous_2)","decl":{"start":{"line":15,"column":22},"end":{"line":15,"column":23}},"loc":{"start":{"line":16,"column":12},"end":{"line":16,"column":65}},"line":16}},"branchMap":{},"s":{"0":1,"1":1,"2":1,"3":0,"4":1,"5":3},"f":{"0":1,"1":0,"2":3},"b":{},"_coverageSchema":"1a1c01bbd47fc00a2c39e90264f33305004495a9","hash":"1416628df26d1f89dc6276fdde627e997d003afa"}
}
